make all --print-data-base --no-builtin-variables --no-builtin-rules --question
make: *** No rule to make target 'all'.  Stop.

# GNU Make 4.3
# Built for x86_64-pc-linux-gnu
# Copyright (C) 1988-2020 Free Software Foundation, Inc.
# License GPLv3+: GNU GPL version 3 or later <http://gnu.org/licenses/gpl.html>
# This is free software: you are free to change and redistribute it.
# There is NO WARRANTY, to the extent permitted by law.

# Make data base, printed on Wed Jun 29 21:52:02 2022

# Variables

# environment
CONTAINERS_PUID = 1000
# environment
JAVA_HOME = /usr/lib/jvm/zulu-8-amd64
# environment
LC_ALL = C
# environment
VSCODE_CWD = /home/shawn
# makefile (from 'Makefile', line 3)
DOCKER_IMAGE := sloganator
# environment
CONTAINERS_MNT = /mnt/containers
# default
MAKE_COMMAND := make
# environment
VSCODE_HANDLES_SIGPIPE = true
# automatic
@D = $(patsubst %/,%,$(dir $@))
# environment
VSCODE_HANDLES_UNCAUGHT_ERRORS = true
# default
.VARIABLES := 
# environment
PWD = /home/shawn/Projects/sloganator2.0
# automatic
%D = $(patsubst %/,%,$(dir $%))
# environment
OLDPWD = /home/shawn
# automatic
^D = $(patsubst %/,%,$(dir $^))
# environment
VSCODE_LOG_STACK = false
# automatic
%F = $(notdir $%)
# environment
LANG = C
# default
.LOADED := 
# default
.INCLUDE_DIRS = /usr/local/include /usr/include /usr/include
# makefile
MAKEFLAGS = pqrR
# makefile
CURDIR := /home/shawn/Projects/sloganator2.0
# environment
VSCODE_PIPE_LOGGING = true
# environment
APPLICATION_INSIGHTS_NO_DIAGNOSTIC_CHANNEL = true
# environment
LESSOPEN = | /usr/bin/env lesspipe %s 2>&-
# automatic
*D = $(patsubst %/,%,$(dir $*))
# makefile (from 'Makefile', line 4)
PORT = "8080"
# environment
MFLAGS = -pqrR
# default
.SHELLFLAGS := -c
# environment
MEDIA_MNT = /mnt/fwRaid/Media
# automatic
+D = $(patsubst %/,%,$(dir $+))
# makefile (from 'Makefile', line 1)
MAKEFILE_LIST := Makefile
# automatic
@F = $(notdir $@)
# environment
VSCODE_VERBOSE_LOGGING = true
# environment
XDG_SESSION_TYPE = tty
# automatic
?D = $(patsubst %/,%,$(dir $?))
# automatic
*F = $(notdir $*)
# environment
DBUS_SESSION_BUS_ADDRESS = unix:path=/run/user/1000/bus
# automatic
<D = $(patsubst %/,%,$(dir $<))
# environment
VSCODE_NLS_CONFIG = {"locale":"en","availableLanguages":{}}
# default
MAKE_HOST := x86_64-pc-linux-gnu
# makefile
SHELL = /bin/sh
# default
MAKECMDGOALS := all
# environment
HOMEBREW_INSTALL_CLEANUP = 1
# environment
SHLVL = 1
# environment
MAKELEVEL := 0
# default
MAKE = $(MAKE_COMMAND)
# environment
PATH = /home/shawn/.vscode-server/bin/30d9c6cd9483b2cc586687151bcbcd635f373630/bin/remote-cli:/home/shawn/.config/yarn/global/node_modules/.bin:/home/shawn/.asdf/shims:/home/shawn/.asdf/bin:/usr/local/bin:/usr/local/sbin:/usr/sbin:/usr/bin:/sbin:/bin:/usr/games:/usr/local/games:/snap/bin:/home/shawn/Projects/dot-files/bin:/home/shawn/Projects/dot-files/bin:/home/shawn/.local/bin:/home/shawn/.rbenv/bin
# default
MAKEFILES := 
# environment
MOTD_SHOWN = pam
# automatic
^F = $(notdir $^)
# environment
SSH_CLIENT = 192.168.1.84 63179 22
# environment
 
TZ = America/Los_Angeles
# environment
VSCODE_LOG_NATIVE = false
# automatic
?F = $(notdir $?)
# environment
GIT_PS1_SHOWDIRTYSTATE = true
# automatic
+F = $(notdir $+)
# environment
LESS = -g -i -M -R -S -w -X -z-4 --no-init --quit-if-one-screen
# 'override' directive
GNUMAKEFLAGS := 
# environment
BROWSER = /home/shawn/.vscode-server/bin/30d9c6cd9483b2cc586687151bcbcd635f373630/bin/helpers/browser.sh
# environment
LOGNAME = shawn
# environment
ASDF_DIR = /home/shawn/.asdf
# makefile
.DEFAULT_GOAL := install
# environment
EDITOR = vim
# environment
USER = shawn
# default
MAKE_VERSION := 4.3
# environment
VSCODE_EXTHOST_WILL_SEND_SOCKET = true
# environment
PAGER = less
# environment
VSCODE_AGENT_FOLDER = /home/shawn/.vscode-server
# environment
_ = /home/shawn/.vscode-server/bin/30d9c6cd9483b2cc586687151bcbcd635f373630/node
# environment
XDG_RUNTIME_DIR = /run/user/1000
# environment
CONTAINERS_PGID = 998
# environment
VSCODE_IPC_HOOK_CLI = /run/user/1000/vscode-ipc-09a1ce5c-1fa1-4ff1-a0d7-8c7abff782db.sock
# environment
VISUAL = nano
# environment
XDG_SESSION_CLASS = user
# environment
VSCODE_AMD_ENTRYPOINT = vs/workbench/api/node/extensionHostProcess
# environment
HOME = /home/shawn
# environment
XDG_SESSION_ID = 1149
# default
.RECIPEPREFIX := 
# automatic
 
<F = $(notdir $<)
# environment
COMPOSER_DISABLE_XDEBUG_WARN = 1
# environment
QUOTE_API_KEY = 7BNSC7HRYRM177NC
# default
SUFFIXES := 
# default
.FEATURES := target-specific order-only second-expansion else-if shortest-stem undefine oneshell nocomment grouped-target extra-prereqs archives jobserver output-sync check-symlink load
# environment
SSH_CONNECTION = 192.168.1.84 63179 192.168.1.86 22
# variable set hash-table stats:
# Load=85/1024=8%, Rehash=0, Collisions=2/115=2%

# Pattern-specific Variable Values

# No pattern-specific variable values.

# Directories

# . (device 64768, inode 5374932): 30 files, no impossibilities.

# 30 files, no impossibilities in 1 directories.

# Implicit Rules

# No implicit rules.

# Files

# Not a target:
Makefile:
#  Implicit rule search has been done.
#  Last modified 2022-01-31 09:29:57.302206416
#  File has been updated.
#  Successfully updated.

clean:
#  Phony target (prerequisite of .PHONY).
#  Implicit rule search has not been done.
#  File does not exist.
#  File has not been updated.
#  recipe to execute (from 'Makefile', line 9):
	rm -rf vendor

dev-server:
#  Implicit rule search has not been done.
#  Modification time never checked.
#  File has not been updated.
#  recipe to execute (from 'Makefile', line 38):
	docker run --rm -it \
		-p $(PORT):80 \
		--name sloganator \
		--user $(shell id -u):$(shell id -g) \
		--volume "$(PWD)":/var/www/html \
		--volume "$(PWD)/_local/conf":/etc/apache2/sites-enabled \
		$(DOCKER_IMAGE):latest

stan-ci:
#  Implicit rule search has not been done.
#  Modification time never checked.
#  File has not been updated.
#  recipe to execute (from 'Makefile', line 94):
	vendor/bin/phpstan \
		analyse \
		--memory-limit 1G \
		-c phpstan.neon \
		lib index.php

stan:
#  Phony target (prerequisite of .PHONY).
#  Implicit rule search has not been done.
#  File does not exist.
#  File has not been updated.
#  recipe to execute (from 'Makefile', line 47):
	docker run --rm -it \
		--name sloganator \
		--volume "$(PWD)":/var/www/html \
		--workdir /var/www/html \
		--user $(shell id -u):$(shell id -g) \
		$(DOCKER_IMAGE):latest \
		vendor/bin/phpstan \
			analyse \
			--memory-limit 1G \
			-c phpstan.neon \
			lib index.php

# Not a target:
.DEFAULT:
#  Implicit rule search has not been done.
#  Modification time never checked.
#  File has not been updated.

# Not a target:
all:
#  Command line target.
#  Implicit rule search has been done.
#  File does not exist.
#  File has not been updated.

local-server:
#  Phony target (prerequisite of .PHONY).
#  Implicit rule search has not been done.
#  File does not exist.
#  File has not been updated.

composer-update:
#  Phony target (prerequisite of .PHONY).
#  Implicit rule search has not been done.
#  File does not exist.
#  File has not been updated.
#  recipe to execute (from 'Makefile', line 21):
	docker run --rm -it \
		--name sloganator \
		--volume "$(PWD)":/var/www/html \
		--workdir /var/www/html \
		--user $(shell id -u):$(shell id -g) \
		$(DOCKER_IMAGE):latest \
		composer update

test-ci:
#  Implicit rule search has not been done.
#  Modification time never checked.
 
#  File has not been updated.
#  recipe to execute (from 'Makefile', line 87):
	vendor/bin/phpunit -v \
		--colors \
		--coverage-clover clover.xml \
		--coverage-html coverage \
		--configuration test/phpunit.xml

test:
#  Phony target (prerequisite of .PHONY).
#  Implicit rule search has not been done.
#  File does not exist.
#  File has not been updated.
#  recipe to execute (from 'Makefile', line 60):
	docker run --rm -it \
		--name sloganator \
		--volume "$(PWD)":/var/www/html \
		--workdir /var/www/html \
		--user $(shell id -u):$(shell id -g) \
		-e XDEBUG_MODE=coverage \
		$(DOCKER_IMAGE):latest \
		vendor/bin/phpunit -v \
			--colors \
			--coverage-clover clover.xml \
			--coverage-html coverage \
			--configuration test/phpunit.xml

install: clean docker-build composer-install test
#  Phony target (prerequisite of .PHONY).
#  Implicit rule search has not been done.
#  File does not exist.
#  File has not been updated.

fix-tabs:
#  Phony target (prerequisite of .PHONY).
#  Implicit rule search has not been done.
#  File does not exist.
#  File has not been updated.

docker-build:
#  Implicit rule search has not been done.
#  Modification time never checked.
#  File has not been updated.
#  recipe to execute (from 'Makefile', line 30):
	docker build \
		--pull \
		--no-cache \
		--file _local/Dockerfile \
		-t $(DOCKER_IMAGE):latest .
	docker image prune -f

.PHONY: local-server install composer-install composer-update test fix-tabs stan clean
#  Implicit rule search has not been done.
#  Modification time never checked.
#  File has not been updated.

composer-install:
#  Phony target (prerequisite of .PHONY).
#  Implicit rule search has not been done.
#  File does not exist.
#  File has not been updated.
#  recipe to execute (from 'Makefile', line 12):
	docker run --rm -it \
		--name sloganator \
		--volume "$(PWD)":/var/www/html \
		--workdir /var/www/html \
		--user $(shell id -u):$(shell id -g) \
		$(DOCKER_IMAGE):latest \
		composer install

# files hash-table stats:
# Load=17/1024=2%, Rehash=0, Collisions=0/46=0%
# VPATH Search Paths

# No 'vpath' search paths.

# No general ('VPATH' variable) search path.
 

# strcache buffers: 1 (0) / strings = 47 / storage = 452 B / avg = 9 B
# current buf: size = 8162 B / used = 452 B / count = 47 / avg = 9 B

# strcache performance: lookups = 73 / hit rate = 35%
# hash-table stats:
# Load=47/8192=1%, Rehash=0, Collisions=4/73=5%
# Finished Make data base on Wed Jun 29 21:52:02 2022

 
